abc java.io.IOException: Failed to copy full contents from '/Users/leegunjoon/Documents/Repository/storm/target/classes/resources/enow/__init__.py' to '/var/folders/xx/trj7gpd14zxgjcqg5mn_0xlc0000gn/T/b8d09dc9-5098-480d-959c-574022ceab6f/supervisor/stormdist/TriggerTopology-1-1474007022/resources/enow/__init__.py' Expected length: 40 Actual: 0
	at org.apache.storm.shade.org.apache.commons.io.FileUtils.doCopyFile(FileUtils.java:1164) ~[storm-core-1.0.2.jar:1.0.2]
	at org.apache.storm.shade.org.apache.commons.io.FileUtils.doCopyDirectory(FileUtils.java:1446) ~[storm-core-1.0.2.jar:1.0.2]
	at org.apache.storm.shade.org.apache.commons.io.FileUtils.doCopyDirectory(FileUtils.java:1444) ~[storm-core-1.0.2.jar:1.0.2]
	at org.apache.storm.shade.org.apache.commons.io.FileUtils.copyDirectory(FileUtils.java:1388) ~[storm-core-1.0.2.jar:1.0.2]
	at org.apache.storm.shade.org.apache.commons.io.FileUtils.copyDirectory(FileUtils.java:1268) ~[storm-core-1.0.2.jar:1.0.2]
	at org.apache.storm.shade.org.apache.commons.io.FileUtils.copyDirectory(FileUtils.java:1237) ~[storm-core-1.0.2.jar:1.0.2]
	at org.apache.storm.daemon.supervisor$fn__9436.invoke(supervisor.clj:1178) ~[storm-core-1.0.2.jar:1.0.2]
	at clojure.lang.MultiFn.invoke(MultiFn.java:243) ~[clojure-1.7.0.jar:?]
	at org.apache.storm.daemon.supervisor$mk_synchronize_supervisor$this__9163$fn__9181.invoke(supervisor.clj:579) ~[storm-core-1.0.2.jar:1.0.2]
	at org.apache.storm.daemon.supervisor$mk_synchronize_supervisor$this__9163.invoke(supervisor.clj:578) ~[storm-core-1.0.2.jar:1.0.2]
	at org.apache.storm.event$event_manager$fn__8735.invoke(event.clj:40) [storm-core-1.0.2.jar:1.0.2]
	at clojure.lang.AFn.run(AFn.java:22) [clojure-1.7.0.jar:?]
	at java.lang.Thread.run(Thread.java:745) [?:1.8.0_102]
abc java.lang.RuntimeException: ("Error when processing an event")
	at org.apache.storm.util$exit_process_BANG_.doInvoke(util.clj:341) [storm-core-1.0.2.jar:1.0.2]
	at clojure.lang.RestFn.invoke(RestFn.java:423) [clojure-1.7.0.jar:?]
	at org.apache.storm.event$event_manager$fn__8735.invoke(event.clj:48) [storm-core-1.0.2.jar:1.0.2]
	at clojure.lang.AFn.run(AFn.java:22) [clojure-1.7.0.jar:?]
	at java.lang.Thread.run(Thread.java:745) [?:1.8.0_102]
abc java.io.FileNotFoundException: File '/var/folders/xx/trj7gpd14zxgjcqg5mn_0xlc0000gn/T/9eea3cb1-dbc2-4c23-a823-61adc7d03f06/supervisor/stormdist/TriggerTopology-1-1474007215/stormconf.ser' does not exist
	at org.apache.storm.shade.org.apache.commons.io.FileUtils.openInputStream(FileUtils.java:292) ~[storm-core-1.0.2.jar:1.0.2]
	at org.apache.storm.shade.org.apache.commons.io.FileUtils.readFileToByteArray(FileUtils.java:1815) ~[storm-core-1.0.2.jar:1.0.2]
	at org.apache.storm.config$read_supervisor_storm_conf_given_path.invoke(config.clj:142) ~[storm-core-1.0.2.jar:1.0.2]
	at org.apache.storm.config$read_supervisor_storm_conf.invoke(config.clj:221) ~[storm-core-1.0.2.jar:1.0.2]
	at org.apache.storm.daemon.supervisor$fn__9436.invoke(supervisor.clj:1165) ~[storm-core-1.0.2.jar:1.0.2]
	at clojure.lang.MultiFn.invoke(MultiFn.java:243) ~[clojure-1.7.0.jar:?]
	at org.apache.storm.daemon.supervisor$mk_synchronize_supervisor$this__9163$fn__9181.invoke(supervisor.clj:579) ~[storm-core-1.0.2.jar:1.0.2]
	at org.apache.storm.daemon.supervisor$mk_synchronize_supervisor$this__9163.invoke(supervisor.clj:578) ~[storm-core-1.0.2.jar:1.0.2]
	at org.apache.storm.event$event_manager$fn__8735.invoke(event.clj:40) [storm-core-1.0.2.jar:1.0.2]
	at clojure.lang.AFn.run(AFn.java:22) [clojure-1.7.0.jar:?]
	at java.lang.Thread.run(Thread.java:745) [?:1.8.0_102]
abc java.lang.RuntimeException: ("Error when processing an event")
	at org.apache.storm.util$exit_process_BANG_.doInvoke(util.clj:341) [storm-core-1.0.2.jar:1.0.2]
	at clojure.lang.RestFn.invoke(RestFn.java:423) [clojure-1.7.0.jar:?]
	at org.apache.storm.event$event_manager$fn__8735.invoke(event.clj:48) [storm-core-1.0.2.jar:1.0.2]
	at clojure.lang.AFn.run(AFn.java:22) [clojure-1.7.0.jar:?]
	at java.lang.Thread.run(Thread.java:745) [?:1.8.0_102]
